\BOOKMARK [1][-]{section.1}{\376\377\151\202\163\207\122\006\136\003\145\271\154\325}{}% 1
\BOOKMARK [2][-]{subsection.1.1}{\376\377\176\317\232\214\122\006\136\003\121\375\145\160}{section.1}% 2
\BOOKMARK [2][-]{subsection.1.2}{\376\377\000Q\000-\000Q\126\376}{section.1}% 3
\BOOKMARK [2][-]{subsection.1.3}{\376\377\232\154\134\024\123\357\131\053\226\217\147\072\217\307\172\013}{section.1}% 4
\BOOKMARK [2][-]{subsection.1.4}{\376\377\122\006\136\003\142\337\124\010\150\300\232\214}{section.1}% 5
\BOOKMARK [2][-]{subsection.1.5}{\376\377\215\263\164\003\225\350\216\042\164\003\225\356\230\230}{section.1}% 6
\BOOKMARK [1][-]{section.2}{\376\377\166\370\121\163\174\373\145\160\122\006\147\220}{}% 7
\BOOKMARK [2][-]{subsection.2.1}{\376\377\153\143\140\001\122\006\136\003\150\300\232\214}{section.2}% 8
\BOOKMARK [3][-]{subsubsection.2.1.1}{\376\377\153\143\140\001\122\006\136\003\000J\000B\150\300\232\214\377\010\131\047\150\067\147\054\000\040\000n\000>\0003\0000\377\011}{subsection.2.1}% 9
\BOOKMARK [3][-]{subsubsection.2.1.2}{\376\377\134\017\150\067\147\054\000:\000\040\000S\000h\000a\000p\000i\000r\000o\000-\000w\000i\000l\000k\150\300\232\214}{subsection.2.1}% 10
\BOOKMARK [2][-]{subsection.2.2}{\376\377\000P\000e\000a\000r\000s\000o\000n\166\370\121\163\174\373\145\160\123\312\121\166\150\300\232\214}{section.2}% 11
\BOOKMARK [2][-]{subsection.2.3}{\376\377\145\257\166\256\134\024\146\374\000s\000p\000e\000a\000r\000m\000a\000n\166\370\121\163\174\373\145\160\123\312\121\166\150\300\232\214}{section.2}% 12
\BOOKMARK [2][-]{subsection.2.4}{\376\377\116\044\171\315\166\370\121\163\174\373\145\160\166\204\153\324\217\203}{section.2}% 13
\BOOKMARK [1][-]{section.3}{\376\377\176\374\124\010\213\304\116\367\116\016\121\263\173\126\145\271\154\325}{}% 14
\BOOKMARK [2][-]{subsection.3.1}{\376\377\000T\000O\000P\000S\000I\000S\173\227\154\325\123\163\164\006\140\363\211\343\154\325}{section.3}% 15
\BOOKMARK [2][-]{subsection.3.2}{\376\377\160\160\202\162\121\163\200\124\122\006\147\220}{section.3}% 16
\BOOKMARK [1][-]{section.4}{\376\377\200\132\174\173\122\006\147\220}{}% 17
\BOOKMARK [2][-]{subsection.4.1}{\376\377\000Q\127\213\200\132\174\173}{section.4}% 18
\BOOKMARK [3][-]{subsubsection.4.1.1}{\376\377\174\173\166\204\166\370\117\074\140\047\136\246\221\317}{subsection.4.1}% 19
\BOOKMARK [3][-]{subsubsection.4.1.2}{\376\377\200\132\174\173\126\376}{subsection.4.1}% 20
\BOOKMARK [3][-]{subsubsection.4.1.3}{\376\377\000m\000a\000t\000l\000a\000b\200\132\174\173\122\006\147\220\166\370\121\163\124\175\116\344}{subsection.4.1}% 21
\BOOKMARK [2][-]{subsection.4.2}{\376\377\000R\127\213\200\132\174\173}{section.4}% 22
\BOOKMARK [3][-]{subsubsection.4.2.1}{\376\377\123\330\221\317\166\204\166\370\117\074\140\047\136\246\221\317}{subsection.4.2}% 23
\BOOKMARK [3][-]{subsubsection.4.2.2}{\376\377\123\330\221\317\200\132\174\173\154\325}{subsection.4.2}% 24
\BOOKMARK [1][-]{section.5}{\376\377\116\073\142\020\122\006\122\006\147\220\377\010\000P\000C\000A\377\011}{}% 25
\BOOKMARK [2][-]{subsection.5.1}{\376\377\127\372\147\054\140\035\140\363}{section.5}% 26
\BOOKMARK [2][-]{subsection.5.2}{\376\377\000P\000C\000A\166\204\213\241\173\227\153\145\232\244}{section.5}% 27
\BOOKMARK [2][-]{subsection.5.3}{\376\377\116\073\142\020\122\006\166\204\213\364\146\016\123\312\136\224\165\050}{section.5}% 28
\BOOKMARK [1][-]{section.6}{\376\377\126\340\133\120\122\006\147\220}{}% 29
\BOOKMARK [2][-]{subsection.6.1}{\376\377\126\340\133\120\122\006\147\220\124\214\116\073\142\020\122\006\122\006\147\220\166\204\133\371\153\324}{section.6}% 30
\BOOKMARK [2][-]{subsection.6.2}{\376\377\123\237\164\006\123\312\126\340\133\120\217\175\203\167\167\351\226\065}{section.6}% 31
\BOOKMARK [2][-]{subsection.6.3}{\376\377\126\340\133\120\145\313\217\154}{section.6}% 32
\BOOKMARK [2][-]{subsection.6.4}{\376\377\126\340\133\120\137\227\122\006}{section.6}% 33
\BOOKMARK [2][-]{subsection.6.5}{\376\377\000K\000M\000O\150\300\232\214\124\214\135\364\162\171\122\051\162\171\164\003\137\142\150\300\232\214}{section.6}% 34
\BOOKMARK [2][-]{subsection.6.6}{\376\377\144\315\117\134\153\145\232\244\123\312\213\364\146\016}{section.6}% 35
\BOOKMARK [1][-]{section.7}{\376\377\122\044\122\053\122\006\147\220\377\010\122\006\174\173\122\006\147\220\377\011}{}% 36
\BOOKMARK [2][-]{subsection.7.1}{\376\377\220\073\217\221\000l\000o\000g\000i\000s\000t\000i\000c\000s\126\336\137\122\152\041\127\213}{section.7}% 37
\BOOKMARK [2][-]{subsection.7.2}{\376\377\215\335\171\273\122\044\122\053\122\006\147\220}{section.7}% 38
\BOOKMARK [2][-]{subsection.7.3}{\376\377\000F\000i\000s\000h\000e\000r\122\044\122\053\154\325}{section.7}% 39
\BOOKMARK [1][-]{section.8}{\376\377\145\057\143\001\124\021\221\317\147\072}{}% 40
\BOOKMARK [2][-]{subsection.8.1}{\376\377\127\372\170\100\167\345\213\306\123\312\123\237\164\006}{section.8}% 41
\BOOKMARK [2][-]{subsection.8.2}{\376\377\133\371\120\166\225\356\230\230}{section.8}% 42
\BOOKMARK [2][-]{subsection.8.3}{\376\377\225\364\226\224\166\204\217\157\123\026}{section.8}% 43
\BOOKMARK [2][-]{subsection.8.4}{\376\377\227\136\176\277\140\047\152\041\127\213\116\016\150\070\121\375\145\160}{section.8}% 44
\BOOKMARK [1][-]{section.9}{\376\377\000l\000i\000b\000s\000v\000m}{}% 45
\BOOKMARK [2][-]{subsection.9.1}{\376\377\000C\000-\000S\000u\000p\000p\000o\000r\000t\000\040\000V\000e\000c\000t\000o\000r\000\040\000C\000l\000a\000s\000s\000i\000f\000i\000c\000a\000t\000i\000o\000n\145\160\133\146\123\237\164\006}{section.9}% 46
\BOOKMARK [3][-]{subsubsection.9.1.1}{\376\377\000S\000M\000O\173\227\154\325\154\102\211\343\116\214\153\041\147\000\117\030\123\026\225\356\230\230}{subsection.9.1}% 47
\BOOKMARK [3][-]{subsubsection.9.1.2}{\376\377\213\241\173\227\000w\124\214\000b}{subsection.9.1}% 48
\BOOKMARK [2][-]{subsection.9.2}{\376\377\123\302\145\160\133\373\117\030}{section.9}% 49
\BOOKMARK [1][-]{section.10}{\376\377\0002\0000\0002\0000\000-\000C\000U\000M\000C\000M\000-\000C}{}% 50
\BOOKMARK [1][-]{section.11}{\376\377\0002\0000\0002\0002\000-\000C\000U\000M\000C\000M\000-\000C}{}% 51
